# JRE version: OpenJDK Runtime Environment GraalVM CE 22.3.0 (17.0.5+8) (build 17.0.5+8-jvmci-22.3-b08)
# Java VM: OpenJDK 64-Bit Server VM GraalVM CE 22.3.0 (17.0.5+8-jvmci-22.3-b08, mixed mode, sharing, tiered, jvmci, jvmci compiler, compressed oops, compressed class ptrs, parallel gc, linux-amd64)
GC Precious Log:
 CPUs: 8 total, 1 available
 Memory: 1024M
 Large Page Support: Disabled
 NUMA Support: Disabled
 Compressed Oops: Enabled (32-bit)
 Alignments: Space 512K, Generation 512K, Heap 2M
 Heap Min Capacity: 100M
 Heap Initial Capacity: 100M
 Heap Max Capacity: 512M
 Pre-touch: Disabled
 Parallel Workers: 1
Heap:
 PSYoungGen      total 89600K, used 54114K [0x00000000f5580000, 0x00000000fdb80000, 0x0000000100000000)
  eden space 49664K, 99% used [0x00000000f5580000,0x00000000f85ffff8,0x00000000f8600000)
  from space 39936K, 11% used [0x00000000f8600000,0x00000000f8a58a40,0x00000000fad00000)
  to   space 39936K, 0% used [0x00000000fb480000,0x00000000fb480000,0x00000000fdb80000)
 ParOldGen       total 349696K, used 349695K [0x00000000e0000000, 0x00000000f5580000, 0x00000000f5580000)
  object space 349696K, 99% used [0x00000000e0000000,0x00000000f557ffe8,0x00000000f5580000)
 Metaspace       used 62051K, committed 63040K, reserved 1105920K
  class space    used 5913K, committed 6336K, reserved 1048576K
GC Heap History (20 events):
Event: 987.512 GC heap before
{Heap before GC invocations=633 (full 550):
 PSYoungGen      total 89600K, used 54114K [0x00000000f5580000, 0x00000000fdb80000, 0x0000000100000000)
  eden space 49664K, 100% used [0x00000000f5580000,0x00000000f8600000,0x00000000f8600000)
  from space 39936K, 11% used [0x00000000f8600000,0x00000000f8a58a70,0x00000000fad00000)
  to   space 39936K, 0% used [0x00000000fb480000,0x00000000fb480000,0x00000000fdb80000)
 ParOldGen       total 349696K, used 349691K [0x00000000e0000000, 0x00000000f5580000, 0x00000000f5580000)
  object space 349696K, 99% used [0x00000000e0000000,0x00000000f557ec78,0x00000000f5580000)
 Metaspace       used 62051K, committed 63040K, reserved 1105920K
  class space    used 5913K, committed 6336K, reserved 1048576K
}
Event: 988.940 GC heap after
{Heap after GC invocations=633 (full 550):
 PSYoungGen      total 89600K, used 54114K [0x00000000f5580000, 0x00000000fdb80000, 0x0000000100000000)
  eden space 49664K, 100% used [0x00000000f5580000,0x00000000f8600000,0x00000000f8600000)
  from space 39936K, 11% used [0x00000000f8600000,0x00000000f8a58a70,0x00000000fad00000)
  to   space 39936K, 0% used [0x00000000fb480000,0x00000000fb480000,0x00000000fdb80000)
 ParOldGen       total 349696K, used 349691K [0x00000000e0000000, 0x00000000f5580000, 0x00000000f5580000)
  object space 349696K, 99% used [0x00000000e0000000,0x00000000f557ec78,0x00000000f5580000)
 Metaspace       used 62051K, committed 63040K, reserved 1105920K
  class space    used 5913K, committed 6336K, reserved 1048576K
}
Event: 988.984 GC heap before
{Heap before GC invocations=634 (full 551):
 PSYoungGen      total 89600K, used 54114K [0x00000000f5580000, 0x00000000fdb80000, 0x0000000100000000)
  eden space 49664K, 100% used [0x00000000f5580000,0x00000000f8600000,0x00000000f8600000)
  from space 39936K, 11% used [0x00000000f8600000,0x00000000f8a58a70,0x00000000fad00000)
  to   space 39936K, 0% used [0x00000000fb480000,0x00000000fb480000,0x00000000fdb80000)
 ParOldGen       total 349696K, used 349694K [0x00000000e0000000, 0x00000000f5580000, 0x00000000f5580000)
  object space 349696K, 99% used [0x00000000e0000000,0x00000000f557f868,0x00000000f5580000)
 Metaspace       used 62051K, committed 63040K, reserved 1105920K
  class space    used 5913K, committed 6336K, reserved 1048576K
}
Event: 990.211 GC heap after
{Heap after GC invocations=634 (full 551):
 PSYoungGen      total 89600K, used 54114K [0x00000000f5580000, 0x00000000fdb80000, 0x0000000100000000)
  eden space 49664K, 100% used [0x00000000f5580000,0x00000000f8600000,0x00000000f8600000)
  from space 39936K, 11% used [0x00000000f8600000,0x00000000f8a58a70,0x00000000fad00000)
  to   space 39936K, 0% used [0x00000000fb480000,0x00000000fb480000,0x00000000fdb80000)
 ParOldGen       total 349696K, used 349693K [0x00000000e0000000, 0x00000000f5580000, 0x00000000f5580000)
  object space 349696K, 99% used [0x00000000e0000000,0x00000000f557f658,0x00000000f5580000)
 Metaspace       used 62051K, committed 63040K, reserved 1105920K
  class space    used 5913K, committed 6336K, reserved 1048576K
}
Event: 990.212 GC heap before
{Heap before GC invocations=635 (full 552):
 PSYoungGen      total 89600K, used 54114K [0x00000000f5580000, 0x00000000fdb80000, 0x0000000100000000)
  eden space 49664K, 100% used [0x00000000f5580000,0x00000000f8600000,0x00000000f8600000)
  from space 39936K, 11% used [0x00000000f8600000,0x00000000f8a58a70,0x00000000fad00000)
  to   space 39936K, 0% used [0x00000000fb480000,0x00000000fb480000,0x00000000fdb80000)
 ParOldGen       total 349696K, used 349695K [0x00000000e0000000, 0x00000000f5580000, 0x00000000f5580000)
  object space 349696K, 99% used [0x00000000e0000000,0x00000000f557fde8,0x00000000f5580000)
 Metaspace       used 62051K, committed 63040K, reserved 1105920K
  class space    used 5913K, committed 6336K, reserved 1048576K
}
Event: 991.536 GC heap after
{Heap after GC invocations=635 (full 552):
 PSYoungGen      total 89600K, used 54114K [0x00000000f5580000, 0x00000000fdb80000, 0x0000000100000000)
  eden space 49664K, 100% used [0x00000000f5580000,0x00000000f8600000,0x00000000f8600000)
  from space 39936K, 11% used [0x00000000f8600000,0x00000000f8a58a40,0x00000000fad00000)
  to   space 39936K, 0% used [0x00000000fb480000,0x00000000fb480000,0x00000000fdb80000)
 ParOldGen       total 349696K, used 349691K [0x00000000e0000000, 0x00000000f5580000, 0x00000000f5580000)
  object space 349696K, 99% used [0x00000000e0000000,0x00000000f557ecc8,0x00000000f5580000)
 Metaspace       used 62051K, committed 63040K, reserved 1105920K
  class space    used 5913K, committed 6336K, reserved 1048576K
}
Event: 991.584 GC heap before
{Heap before GC invocations=636 (full 553):
 PSYoungGen      total 89600K, used 54114K [0x00000000f5580000, 0x00000000fdb80000, 0x0000000100000000)
  eden space 49664K, 100% used [0x00000000f5580000,0x00000000f8600000,0x00000000f8600000)
  from space 39936K, 11% used [0x00000000f8600000,0x00000000f8a58a40,0x00000000fad00000)
  to   space 39936K, 0% used [0x00000000fb480000,0x00000000fb480000,0x00000000fdb80000)
 ParOldGen       total 349696K, used 349693K [0x00000000e0000000, 0x00000000f5580000, 0x00000000f5580000)
  object space 349696K, 99% used [0x00000000e0000000,0x00000000f557f5c0,0x00000000f5580000)
 Metaspace       used 62051K, committed 63040K, reserved 1105920K
  class space    used 5913K, committed 6336K, reserved 1048576K
}
Event: 992.905 GC heap after
{Heap after GC invocations=636 (full 553):
 PSYoungGen      total 89600K, used 54114K [0x00000000f5580000, 0x00000000fdb80000, 0x0000000100000000)
  eden space 49664K, 99% used [0x00000000f5580000,0x00000000f85fffc8,0x00000000f8600000)
  from space 39936K, 11% used [0x00000000f8600000,0x00000000f8a58a40,0x00000000fad00000)
  to   space 39936K, 0% used [0x00000000fb480000,0x00000000fb480000,0x00000000fdb80000)
 ParOldGen       total 349696K, used 349691K [0x00000000e0000000, 0x00000000f5580000, 0x00000000f5580000)
  object space 349696K, 99% used [0x00000000e0000000,0x00000000f557eea0,0x00000000f5580000)
 Metaspace       used 62051K, committed 63040K, reserved 1105920K
  class space    used 5913K, committed 6336K, reserved 1048576K
}
Event: 992.906 GC heap before
{Heap before GC invocations=637 (full 554):
 PSYoungGen      total 89600K, used 54114K [0x00000000f5580000, 0x00000000fdb80000, 0x0000000100000000)
  eden space 49664K, 99% used [0x00000000f5580000,0x00000000f85ffff0,0x00000000f8600000)
  from space 39936K, 11% used [0x00000000f8600000,0x00000000f8a58a40,0x00000000fad00000)
  to   space 39936K, 0% used [0x00000000fb480000,0x00000000fb480000,0x00000000fdb80000)
 ParOldGen       total 349696K, used 349691K [0x00000000e0000000, 0x00000000f5580000, 0x00000000f5580000)
  object space 349696K, 99% used [0x00000000e0000000,0x00000000f557eea0,0x00000000f5580000)
 Metaspace       used 62051K, committed 63040K, reserved 1105920K
  class space    used 5913K, committed 6336K, reserved 1048576K
}
Event: 994.315 GC heap after
{Heap after GC invocations=637 (full 554):
 PSYoungGen      total 89600K, used 54114K [0x00000000f5580000, 0x00000000fdb80000, 0x0000000100000000)
  eden space 49664K, 99% used [0x00000000f5580000,0x00000000f85ffff0,0x00000000f8600000)
  from space 39936K, 11% used [0x00000000f8600000,0x00000000f8a58a40,0x00000000fad00000)
  to   space 39936K, 0% used [0x00000000fb480000,0x00000000fb480000,0x00000000fdb80000)
 ParOldGen       total 349696K, used 349691K [0x00000000e0000000, 0x00000000f5580000, 0x00000000f5580000)
  object space 349696K, 99% used [0x00000000e0000000,0x00000000f557eea0,0x00000000f5580000)
 Metaspace       used 62051K, committed 63040K, reserved 1105920K
  class space    used 5913K, committed 6336K, reserved 1048576K
}
Event: 994.315 GC heap before
{Heap before GC invocations=638 (full 555):
 PSYoungGen      total 89600K, used 54114K [0x00000000f5580000, 0x00000000fdb80000, 0x0000000100000000)
  eden space 49664K, 99% used [0x00000000f5580000,0x00000000f85ffff0,0x00000000f8600000)
  from space 39936K, 11% used [0x00000000f8600000,0x00000000f8a58a40,0x00000000fad00000)
  to   space 39936K, 0% used [0x00000000fb480000,0x00000000fb480000,0x00000000fdb80000)
 ParOldGen       total 349696K, used 349694K [0x00000000e0000000, 0x00000000f5580000, 0x00000000f5580000)
  object space 349696K, 99% used [0x00000000e0000000,0x00000000f557f878,0x00000000f5580000)
 Metaspace       used 62051K, committed 63040K, reserved 1105920K
  class space    used 5913K, committed 6336K, reserved 1048576K
}
Event: 995.719 GC heap after
{Heap after GC invocations=638 (full 555):
 PSYoungGen      total 89600K, used 54114K [0x00000000f5580000, 0x00000000fdb80000, 0x0000000100000000)
  eden space 49664K, 99% used [0x00000000f5580000,0x00000000f85ffff0,0x00000000f8600000)
  from space 39936K, 11% used [0x00000000f8600000,0x00000000f8a58a40,0x00000000fad00000)
  to   space 39936K, 0% used [0x00000000fb480000,0x00000000fb480000,0x00000000fdb80000)
 ParOldGen       total 349696K, used 349692K [0x00000000e0000000, 0x00000000f5580000, 0x00000000f5580000)
  object space 349696K, 99% used [0x00000000e0000000,0x00000000f557f188,0x00000000f5580000)
 Metaspace       used 62051K, committed 63040K, reserved 1105920K
  class space    used 5913K, committed 6336K, reserved 1048576K
}
Event: 995.719 GC heap before
{Heap before GC invocations=639 (full 556):
 PSYoungGen      total 89600K, used 54114K [0x00000000f5580000, 0x00000000fdb80000, 0x0000000100000000)
  eden space 49664K, 100% used [0x00000000f5580000,0x00000000f8600000,0x00000000f8600000)
  from space 39936K, 11% used [0x00000000f8600000,0x00000000f8a58a40,0x00000000fad00000)
  to   space 39936K, 0% used [0x00000000fb480000,0x00000000fb480000,0x00000000fdb80000)
 ParOldGen       total 349696K, used 349695K [0x00000000e0000000, 0x00000000f5580000, 0x00000000f5580000)
  object space 349696K, 99% used [0x00000000e0000000,0x00000000f557ff98,0x00000000f5580000)
 Metaspace       used 62051K, committed 63040K, reserved 1105920K
  class space    used 5913K, committed 6336K, reserved 1048576K
}
Event: 996.937 GC heap after
{Heap after GC invocations=639 (full 556):
 PSYoungGen      total 89600K, used 54114K [0x00000000f5580000, 0x00000000fdb80000, 0x0000000100000000)
  eden space 49664K, 99% used [0x00000000f5580000,0x00000000f85fffb8,0x00000000f8600000)
  from space 39936K, 11% used [0x00000000f8600000,0x00000000f8a58a40,0x00000000fad00000)
  to   space 39936K, 0% used [0x00000000fb480000,0x00000000fb480000,0x00000000fdb80000)
 ParOldGen       total 349696K, used 349695K [0x00000000e0000000, 0x00000000f5580000, 0x00000000f5580000)
  object space 349696K, 99% used [0x00000000e0000000,0x00000000f557fc00,0x00000000f5580000)
 Metaspace       used 62051K, committed 63040K, reserved 1105920K
  class space    used 5913K, committed 6336K, reserved 1048576K
}
Event: 996.937 GC heap before
{Heap before GC invocations=640 (full 557):
 PSYoungGen      total 89600K, used 54114K [0x00000000f5580000, 0x00000000fdb80000, 0x0000000100000000)
  eden space 49664K, 99% used [0x00000000f5580000,0x00000000f85fffe8,0x00000000f8600000)
  from space 39936K, 11% used [0x00000000f8600000,0x00000000f8a58a40,0x00000000fad00000)
  to   space 39936K, 0% used [0x00000000fb480000,0x00000000fb480000,0x00000000fdb80000)
 ParOldGen       total 349696K, used 349695K [0x00000000e0000000, 0x00000000f5580000, 0x00000000f5580000)
  object space 349696K, 99% used [0x00000000e0000000,0x00000000f557fc00,0x00000000f5580000)
 Metaspace       used 62051K, committed 63040K, reserved 1105920K
  class space    used 5913K, committed 6336K, reserved 1048576K
}
Event: 998.400 GC heap after
{Heap after GC invocations=640 (full 557):
 PSYoungGen      total 89600K, used 54114K [0x00000000f5580000, 0x00000000fdb80000, 0x0000000100000000)
  eden space 49664K, 99% used [0x00000000f5580000,0x00000000f85fffe8,0x00000000f8600000)
  from space 39936K, 11% used [0x00000000f8600000,0x00000000f8a58a40,0x00000000fad00000)
  to   space 39936K, 0% used [0x00000000fb480000,0x00000000fb480000,0x00000000fdb80000)
 ParOldGen       total 349696K, used 349695K [0x00000000e0000000, 0x00000000f5580000, 0x00000000f5580000)
  object space 349696K, 99% used [0x00000000e0000000,0x00000000f557fc00,0x00000000f5580000)
 Metaspace       used 62051K, committed 63040K, reserved 1105920K
  class space    used 5913K, committed 6336K, reserved 1048576K
}
Event: 998.400 GC heap before
{Heap before GC invocations=641 (full 558):
 PSYoungGen      total 89600K, used 54114K [0x00000000f5580000, 0x00000000fdb80000, 0x0000000100000000)
  eden space 49664K, 99% used [0x00000000f5580000,0x00000000f85ffff8,0x00000000f8600000)
  from space 39936K, 11% used [0x00000000f8600000,0x00000000f8a58a40,0x00000000fad00000)
  to   space 39936K, 0% used [0x00000000fb480000,0x00000000fb480000,0x00000000fdb80000)
 ParOldGen       total 349696K, used 349695K [0x00000000e0000000, 0x00000000f5580000, 0x00000000f5580000)
  object space 349696K, 99% used [0x00000000e0000000,0x00000000f557fc98,0x00000000f5580000)
 Metaspace       used 62051K, committed 63040K, reserved 1105920K
  class space    used 5913K, committed 6336K, reserved 1048576K
}
Event: 1000.527 GC heap after
{Heap after GC invocations=641 (full 558):
 PSYoungGen      total 89600K, used 54114K [0x00000000f5580000, 0x00000000fdb80000, 0x0000000100000000)
  eden space 49664K, 99% used [0x00000000f5580000,0x00000000f85fff88,0x00000000f8600000)
  from space 39936K, 11% used [0x00000000f8600000,0x00000000f8a58a40,0x00000000fad00000)
  to   space 39936K, 0% used [0x00000000fb480000,0x00000000fb480000,0x00000000fdb80000)
 ParOldGen       total 349696K, used 349694K [0x00000000e0000000, 0x00000000f5580000, 0x00000000f5580000)
  object space 349696K, 99% used [0x00000000e0000000,0x00000000f557faf0,0x00000000f5580000)
 Metaspace       used 62051K, committed 63040K, reserved 1105920K
  class space    used 5913K, committed 6336K, reserved 1048576K
}
Event: 1000.527 GC heap before
{Heap before GC invocations=642 (full 559):
 PSYoungGen      total 89600K, used 54114K [0x00000000f5580000, 0x00000000fdb80000, 0x0000000100000000)
  eden space 49664K, 99% used [0x00000000f5580000,0x00000000f85fff88,0x00000000f8600000)
  from space 39936K, 11% used [0x00000000f8600000,0x00000000f8a58a40,0x00000000fad00000)
  to   space 39936K, 0% used [0x00000000fb480000,0x00000000fb480000,0x00000000fdb80000)
 ParOldGen       total 349696K, used 349694K [0x00000000e0000000, 0x00000000f5580000, 0x00000000f5580000)
  object space 349696K, 99% used [0x00000000e0000000,0x00000000f557faf0,0x00000000f5580000)
 Metaspace       used 62051K, committed 63040K, reserved 1105920K
  class space    used 5913K, committed 6336K, reserved 1048576K
}
Event: 1001.941 GC heap after
{Heap after GC invocations=642 (full 559):
 PSYoungGen      total 89600K, used 54114K [0x00000000f5580000, 0x00000000fdb80000, 0x0000000100000000)
  eden space 49664K, 99% used [0x00000000f5580000,0x00000000f85ffea8,0x00000000f8600000)
  from space 39936K, 11% used [0x00000000f8600000,0x00000000f8a58a40,0x00000000fad00000)
  to   space 39936K, 0% used [0x00000000fb480000,0x00000000fb480000,0x00000000fdb80000)
 ParOldGen       total 349696K, used 349694K [0x00000000e0000000, 0x00000000f5580000, 0x00000000f5580000)
  object space 349696K, 99% used [0x00000000e0000000,0x00000000f557f950,0x00000000f5580000)
 Metaspace       used 62051K, committed 63040K, reserved 1105920K
  class space    used 5913K, committed 6336K, reserved 1048576K
}

